[+] Containers:
 |- [+] Container: /Game/ThirdPerson/Maps/ThirdPersonMap
 |   |- [+] ActorDescs:
 |   |   |- Guid:11A97D8845439AE5BD1098ADD8862D10 NativeClass:/Script/Engine.StaticMeshActor Name:StaticMeshActor_UAID_505A65F7A6963FDC02_1705335909 Label:Cylinder SpatiallyLoaded:true EditorBounds:IsValid=true, Min=(X=3210.000 Y=3510.000 Z=100.000), Max=(X=3290.000 Y=3590.000 Z=403.896) RuntimeBounds:IsValid=true, Min=(X=3210.000 Y=3510.000 Z=100.000), Max=(X=3290.000 Y=3590.000 Z=403.896) RuntimeGrid:None EditorOnly:false RuntimeOnly:false HLODRelevant:true ListedInSceneOutliner:true IsMainWorldOnly:false
 |   |   |- Guid:1BB55A5B43DD3D8964E17E8BA754B6DB NativeClass:/Script/Engine.StaticMeshActor Name:StaticMeshActor_UAID_505A65F7A6963EDC02_2129396727 Label:Walls SpatiallyLoaded:true EditorBounds:IsValid=true, Min=(X=3200.000 Y=2400.000 Z=-0.000), Max=(X=6600.000 Y=5900.000 Z=1700.000) RuntimeBounds:IsValid=true, Min=(X=3200.000 Y=2400.000 Z=-0.000), Max=(X=6600.000 Y=5900.000 Z=1700.000) RuntimeGrid:None EditorOnly:false RuntimeOnly:false HLODRelevant:true ListedInSceneOutliner:true IsMainWorldOnly:false
 |   |   |- Guid:1BEB07194559527CACEE5FAC1B7DDD76 NativeClass:/Script/Engine.StaticMeshActor Name:StaticMeshActor_UAID_505A65F7A69640DC02_1632027097 Label:Box2 SpatiallyLoaded:true EditorBounds:IsValid=true, Min=(X=4620.000 Y=4420.000 Z=100.000), Max=(X=4680.000 Y=4480.000 Z=300.000) RuntimeBounds:IsValid=true, Min=(X=4620.000 Y=4420.000 Z=100.000), Max=(X=4680.000 Y=4480.000 Z=300.000) RuntimeGrid:None EditorOnly:false RuntimeOnly:false HLODRelevant:true ListedInSceneOutliner:true IsMainWorldOnly:false
 |   |   |- Guid:207C2C2F4EA065E737D889B85587E0DD NativeClass:/Script/Engine.StaticMeshActor Name:StaticMeshActor_UAID_505A65F7A69640DC02_1564553096 Label:Box5 SpatiallyLoaded:true EditorBounds:IsValid=true, Min=(X=4680.000 Y=4430.000 Z=100.000), Max=(X=5100.000 Y=4470.000 Z=140.000) RuntimeBounds:IsValid=true, Min=(X=4680.000 Y=4430.000 Z=100.000), Max=(X=5100.000 Y=4470.000 Z=140.000) RuntimeGrid:None EditorOnly:false RuntimeOnly:false HLODRelevant:true ListedInSceneOutliner:true IsMainWorldOnly:false
 |   |   |- Guid:2FB58999456391D349DC0F86DAC136ED NativeClass:/Script/Engine.SkyLight Name:SkyLight_1 Label:SkyLight SpatiallyLoaded:false EditorBounds:IsValid=true, Min=(X=0.000 Y=0.000 Z=690.000), Max=(X=0.000 Y=0.000 Z=690.000) RuntimeBounds:IsValid=true, Min=(X=0.000 Y=0.000 Z=690.000), Max=(X=0.000 Y=0.000 Z=690.000) RuntimeGrid:None EditorOnly:false RuntimeOnly:false HLODRelevant:false ListedInSceneOutliner:true IsMainWorldOnly:false FolderPath:Lighting FolderGuid:963EC3EB4002CCE9759E2EBA541A873A
 |   |   |- Guid:316CF2A6494ACA4C0E4180A87D36AB8F NativeClass:/Script/Engine.ExponentialHeightFog Name:ExponentialHeightFog_0 Label:ExponentialHeightFog SpatiallyLoaded:false EditorBounds:IsValid=true, Min=(X=-5600.000 Y=-50.000 Z=-6850.000), Max=(X=-5600.000 Y=-50.000 Z=-6850.000) RuntimeBounds:IsValid=true, Min=(X=-5600.000 Y=-50.000 Z=-6850.000), Max=(X=-5600.000 Y=-50.000 Z=-6850.000) RuntimeGrid:None EditorOnly:false RuntimeOnly:false HLODRelevant:false ListedInSceneOutliner:true IsMainWorldOnly:false FolderPath:Lighting FolderGuid:963EC3EB4002CCE9759E2EBA541A873A
 |   |   |- Guid:36405E4B4A26BAEB98F29C88AD96D7FB NativeClass:/Script/Engine.StaticMeshActor Name:StaticMeshActor_UAID_505A65F7A6963FDC02_1802380911 Label:Box SpatiallyLoaded:true EditorBounds:IsValid=true, Min=(X=3200.000 Y=3500.000 Z=600.000), Max=(X=3800.000 Y=4100.000 Z=700.000) RuntimeBounds:IsValid=true, Min=(X=3200.000 Y=3500.000 Z=600.000), Max=(X=3800.000 Y=4100.000 Z=700.000) RuntimeGrid:None EditorOnly:false RuntimeOnly:false HLODRelevant:true ListedInSceneOutliner:true IsMainWorldOnly:false
 |   |   |- Guid:37EFF07B4CE24EAF99C3FFBF2655752B NativeClass:/Script/Engine.StaticMeshActor Name:StaticMeshActor_UAID_505A65F7A69641DC02_1710089284 Label:Box11 SpatiallyLoaded:true EditorBounds:IsValid=true, Min=(X=5115.000 Y=4405.000 Z=300.000), Max=(X=5185.000 Y=4475.000 Z=1615.000) RuntimeBounds:IsValid=true, Min=(X=5115.000 Y=4405.000 Z=300.000), Max=(X=5185.000 Y=4475.000 Z=1615.000) RuntimeGrid:None EditorOnly:false RuntimeOnly:false HLODRelevant:true ListedInSceneOutliner:true IsMainWorldOnly:false
 |   |   |- Guid:3A00AA1C422CE54C0BDB60BAF471BFBB NativeClass:/Script/Engine.PlayerStart Name:PlayerStart_0 Label:PlayerStart SpatiallyLoaded:false EditorBounds:IsValid=true, Min=(X=1722.000 Y=3512.000 Z=-35.987), Max=(X=2090.000 Y=3768.000 Z=220.013) RuntimeBounds:IsValid=true, Min=(X=1810.000 Y=3600.000 Z=0.013), Max=(X=1890.000 Y=3680.000 Z=184.013) RuntimeGrid:None EditorOnly:false RuntimeOnly:false HLODRelevant:false ListedInSceneOutliner:true IsMainWorldOnly:false
 |   |   |- Guid:3CD4FBB04A3FBA106C0EC8A952258ED1 NativeClass:/Script/Engine.StaticMeshActor Name:StaticMeshActor_UAID_505A65F7A69640DC02_1999064104 Label:Box9 SpatiallyLoaded:true EditorBounds:IsValid=true, Min=(X=5100.000 Y=3100.000 Z=200.000), Max=(X=5200.000 Y=4490.000 Z=300.000) RuntimeBounds:IsValid=true, Min=(X=5100.000 Y=3100.000 Z=200.000), Max=(X=5200.000 Y=4490.000 Z=300.000) RuntimeGrid:None EditorOnly:false RuntimeOnly:false HLODRelevant:true ListedInSceneOutliner:true IsMainWorldOnly:false
 |   |   |- Guid:472CBFA34054D9654E0BFDB6E78E2F90 NativeClass:/Script/Engine.StaticMeshActor Name:StaticMeshActor_UAID_505A65F7A69640DC02_1559492095 Label:Box4 SpatiallyLoaded:true EditorBounds:IsValid=true, Min=(X=4680.000 Y=4430.000 Z=220.000), Max=(X=5100.000 Y=4470.000 Z=260.000) RuntimeBounds:IsValid=true, Min=(X=4680.000 Y=4430.000 Z=220.000), Max=(X=5100.000 Y=4470.000 Z=260.000) RuntimeGrid:None EditorOnly:false RuntimeOnly:false HLODRelevant:true ListedInSceneOutliner:true IsMainWorldOnly:false
 |   |   |- Guid:4D3BE93F4146AAAC8BBE79999D96D57F NativeClass:/Script/Engine.VolumetricCloud Name:VolumetricCloud_0 Label:VolumetricCloud SpatiallyLoaded:false EditorBounds:IsValid=true, Min=(X=0.000 Y=0.000 Z=820.000), Max=(X=0.000 Y=0.000 Z=820.000) RuntimeBounds:IsValid=true, Min=(X=0.000 Y=0.000 Z=820.000), Max=(X=0.000 Y=0.000 Z=820.000) RuntimeGrid:None EditorOnly:false RuntimeOnly:false HLODRelevant:false ListedInSceneOutliner:true IsMainWorldOnly:false FolderPath:Lighting FolderGuid:963EC3EB4002CCE9759E2EBA541A873A
 |   |   |- Guid:5824EBDD4623F12388A77DA8CF6BB771 NativeClass:/Script/Engine.StaticMeshActor Name:StaticMeshActor_UAID_505A65F7A69640DC02_1636962100 Label:Box3 SpatiallyLoaded:true EditorBounds:IsValid=true, Min=(X=4620.000 Y=3120.000 Z=100.000), Max=(X=4680.000 Y=3180.000 Z=300.000) RuntimeBounds:IsValid=true, Min=(X=4620.000 Y=3120.000 Z=100.000), Max=(X=4680.000 Y=3180.000 Z=300.000) RuntimeGrid:None EditorOnly:false RuntimeOnly:false HLODRelevant:true ListedInSceneOutliner:true IsMainWorldOnly:false
 |   |   |- Guid:640CF2E641D0EC804FA619B383F39E21 NativeClass:/Script/Engine.StaticMeshActor Name:StaticMeshActor_UAID_505A65F7A69640DC02_1636960099 Label:Box7 SpatiallyLoaded:true EditorBounds:IsValid=true, Min=(X=4680.000 Y=3130.000 Z=100.000), Max=(X=5100.000 Y=3170.000 Z=140.000) RuntimeBounds:IsValid=true, Min=(X=4680.000 Y=3130.000 Z=100.000), Max=(X=5100.000 Y=3170.000 Z=140.000) RuntimeGrid:None EditorOnly:false RuntimeOnly:false HLODRelevant:true ListedInSceneOutliner:true IsMainWorldOnly:false
 |   |   |- Guid:66442CE04609F19437C094A383A8D6C8 NativeClass:/Script/Engine.StaticMeshActor Name:StaticMeshActor_UAID_505A65F7A69640DC02_1087107091 Label:Stairs3 SpatiallyLoaded:true EditorBounds:IsValid=true, Min=(X=4100.000 Y=3300.000 Z=102.000), Max=(X=4175.000 Y=4300.000 Z=198.000) RuntimeBounds:IsValid=true, Min=(X=4100.000 Y=3300.000 Z=102.000), Max=(X=4175.000 Y=4300.000 Z=198.000) RuntimeGrid:None EditorOnly:false RuntimeOnly:false HLODRelevant:true ListedInSceneOutliner:true IsMainWorldOnly:false
 |   |   |- Guid:6A92C67D457D53626B7F2BA5863B5166 NativeClass:/Script/Engine.StaticMeshActor Name:StaticMeshActor_UAID_505A65F7A69641DC02_1733907285 Label:Box12 SpatiallyLoaded:true EditorBounds:IsValid=true, Min=(X=5115.000 Y=3115.000 Z=300.000), Max=(X=5185.000 Y=3185.000 Z=1615.000) RuntimeBounds:IsValid=true, Min=(X=5115.000 Y=3115.000 Z=300.000), Max=(X=5185.000 Y=3185.000 Z=1615.000) RuntimeGrid:None EditorOnly:false RuntimeOnly:false HLODRelevant:true ListedInSceneOutliner:true IsMainWorldOnly:false
 |   |   |- Guid:6BAF4DDD444C60371492D3919DB42C97 NativeClass:/Script/Engine.WorldDataLayers Name:WorldDataLayers Label:WorldDataLayers SpatiallyLoaded:false EditorBounds:IsValid=true, Min=(X=0.000 Y=0.000 Z=0.000), Max=(X=0.000 Y=0.000 Z=0.000) RuntimeBounds:IsValid=true, Min=(X=0.000 Y=0.000 Z=0.000), Max=(X=0.000 Y=0.000 Z=0.000) RuntimeGrid:None EditorOnly:false RuntimeOnly:false HLODRelevant:false ListedInSceneOutliner:true IsMainWorldOnly:true
 |   |   |- Guid:71EAC8014A42C7BE2CDD2AAB593BC78D NativeClass:/Script/Engine.StaticMeshActor Name:StaticMeshActor_UAID_505A65F7A69641DC02_1588679283 Label:Stairs6 SpatiallyLoaded:true EditorBounds:IsValid=true, Min=(X=5900.000 Y=3700.000 Z=100.548), Max=(X=5966.024 Y=3920.000 Z=199.452) RuntimeBounds:IsValid=true, Min=(X=5900.000 Y=3700.000 Z=100.548), Max=(X=5966.024 Y=3920.000 Z=199.452) RuntimeGrid:None EditorOnly:false RuntimeOnly:false HLODRelevant:true ListedInSceneOutliner:true IsMainWorldOnly:false
 |   |   |- Guid:79F6B46C46DF849D2D7F56BF680B0B96 NativeClass:/Script/Engine.StaticMeshActor Name:StaticMeshActor_UAID_505A65F7A69640DC02_2048051106 Label:Box10 SpatiallyLoaded:true EditorBounds:IsValid=true, Min=(X=4600.000 Y=3400.000 Z=100.000), Max=(X=4800.000 Y=4200.000 Z=200.000) RuntimeBounds:IsValid=true, Min=(X=4600.000 Y=3400.000 Z=100.000), Max=(X=4800.000 Y=4200.000 Z=200.000) RuntimeGrid:None EditorOnly:false RuntimeOnly:false HLODRelevant:true ListedInSceneOutliner:true IsMainWorldOnly:false
 |   |   |- Guid:7E371F2F4BC38501773D4CA737D4EE15 NativeClass:/Script/Engine.StaticMeshActor Name:StaticMeshActor_UAID_505A65F7A6963FDC02_1707393910 Label:Cylinder2 SpatiallyLoaded:true EditorBounds:IsValid=true, Min=(X=3210.000 Y=4010.000 Z=100.000), Max=(X=3290.000 Y=4090.000 Z=403.896) RuntimeBounds:IsValid=true, Min=(X=3210.000 Y=4010.000 Z=100.000), Max=(X=3290.000 Y=4090.000 Z=403.896) RuntimeGrid:None EditorOnly:false RuntimeOnly:false HLODRelevant:true ListedInSceneOutliner:true IsMainWorldOnly:false
 |   |   |- Guid:8633192E4FE4F076CF86BC9136090664 NativeClass:/Script/Engine.StaticMeshActor Name:StaticMeshActor_UAID_505A65F7A69642DC02_1311264462 Label:Box8 SpatiallyLoaded:true EditorBounds:IsValid=true, Min=(X=5125.413 Y=3200.000 Z=215.000), Max=(X=5174.587 Y=4415.000 Z=285.000) RuntimeBounds:IsValid=true, Min=(X=5125.413 Y=3200.000 Z=215.000), Max=(X=5174.587 Y=4415.000 Z=285.000) RuntimeGrid:None EditorOnly:false RuntimeOnly:false HLODRelevant:true ListedInSceneOutliner:true IsMainWorldOnly:false
 |   |   |- Guid:9231654B4588AC45688F5983894DD5FE NativeClass:/Script/Engine.StaticMeshActor Name:StaticMeshActor_UAID_505A65F7A69640DC02_1924596102 Label:Stairs5 SpatiallyLoaded:true EditorBounds:IsValid=true, Min=(X=5522.000 Y=2800.000 Z=200.000), Max=(X=6098.000 Y=3200.000 Z=768.350) RuntimeBounds:IsValid=true, Min=(X=5522.000 Y=2800.000 Z=200.000), Max=(X=6098.000 Y=3200.000 Z=768.350) RuntimeGrid:None EditorOnly:false RuntimeOnly:false HLODRelevant:true ListedInSceneOutliner:true IsMainWorldOnly:false
 |   |   |- Guid:9D6589EC4C18A822C2AA0FA3B758F608 NativeClass:/Script/Engine.StaticMeshActor Name:StaticMeshActor_UAID_505A65F7A6964ADC02_1243324840 Label:Stairs2 SpatiallyLoaded:true EditorBounds:IsValid=true, Min=(X=3270.000 Y=3600.000 Z=0.000), Max=(X=3510.000 Y=4000.000 Z=200.000) RuntimeBounds:IsValid=true, Min=(X=3270.000 Y=3600.000 Z=0.000), Max=(X=3510.000 Y=4000.000 Z=200.000) RuntimeGrid:None EditorOnly:false RuntimeOnly:false HLODRelevant:true ListedInSceneOutliner:true IsMainWorldOnly:false
 |   |   |- Guid:B57767D74DB1C0DB79E86AAFC31A7B23 NativeClass:/Script/Engine.StaticMeshActor Name:StaticMeshActor_UAID_505A65F7A6963FDC02_2107693913 Label:Stairs SpatiallyLoaded:true EditorBounds:IsValid=true, Min=(X=4100.000 Y=3630.000 Z=104.000), Max=(X=4175.000 Y=4030.000 Z=200.000) RuntimeBounds:IsValid=true, Min=(X=4100.000 Y=3630.000 Z=104.000), Max=(X=4175.000 Y=4030.000 Z=200.000) RuntimeGrid:None EditorOnly:false RuntimeOnly:false HLODRelevant:true ListedInSceneOutliner:true IsMainWorldOnly:false
 |   |   |- Guid:B785ED2844B84CFB91E7F39FE661CD99 NativeClass:/Script/Engine.DirectionalLight Name:DirectionalLight_0 Label:DirectionalLight SpatiallyLoaded:false EditorBounds:IsValid=false, Min=(X=0.000 Y=0.000 Z=0.000), Max=(X=0.000 Y=0.000 Z=0.000) RuntimeBounds:IsValid=false, Min=(X=0.000 Y=0.000 Z=0.000), Max=(X=0.000 Y=0.000 Z=0.000) RuntimeGrid:None EditorOnly:false RuntimeOnly:false HLODRelevant:false ListedInSceneOutliner:true IsMainWorldOnly:false FolderPath:Lighting FolderGuid:963EC3EB4002CCE9759E2EBA541A873A
 |   |   |- Guid:CCFF262C46EEFFDF319E7F9539CE697E NativeClass:/Script/Engine.SkyAtmosphere Name:SkyAtmosphere_0 Label:SkyAtmosphere SpatiallyLoaded:false EditorBounds:IsValid=true, Min=(X=0.000 Y=0.000 Z=1020.000), Max=(X=0.000 Y=0.000 Z=1020.000) RuntimeBounds:IsValid=true, Min=(X=0.000 Y=0.000 Z=1020.000), Max=(X=0.000 Y=0.000 Z=1020.000) RuntimeGrid:None EditorOnly:false RuntimeOnly:false HLODRelevant:false ListedInSceneOutliner:true IsMainWorldOnly:false FolderPath:Lighting FolderGuid:963EC3EB4002CCE9759E2EBA541A873A
 |   |   |- Guid:E52A411C4BF985DB03D06CBDE3241611 NativeClass:/Script/Engine.StaticMeshActor Name:StaticMeshActor_UAID_505A65F7A69640DC02_1636957098 Label:Box6 SpatiallyLoaded:true EditorBounds:IsValid=true, Min=(X=4680.000 Y=3130.000 Z=220.000), Max=(X=5100.000 Y=3170.000 Z=260.000) RuntimeBounds:IsValid=true, Min=(X=4680.000 Y=3130.000 Z=220.000), Max=(X=5100.000 Y=3170.000 Z=260.000) RuntimeGrid:None EditorOnly:false RuntimeOnly:false HLODRelevant:true ListedInSceneOutliner:true IsMainWorldOnly:false
 |   |   |- Guid:E972E51048B124D7CB0BF2A8468D420A NativeClass:/Script/Engine.StaticMeshActor Name:StaticMeshActor_UAID_505A65F7A69642DC02_1462220463 Label:Stairs7 SpatiallyLoaded:true EditorBounds:IsValid=true, Min=(X=5522.000 Y=4400.000 Z=200.000), Max=(X=6098.000 Y=4800.000 Z=768.350) RuntimeBounds:IsValid=true, Min=(X=5522.000 Y=4400.000 Z=200.000), Max=(X=6098.000 Y=4800.000 Z=768.350) RuntimeGrid:None EditorOnly:false RuntimeOnly:false HLODRelevant:true ListedInSceneOutliner:true IsMainWorldOnly:false
 |   |   |- Guid:E9A004654512483CFD03A585673344E4 BaseClass:/Game/Blueprint/Item/Item_Food.Item_Food_C NativeClass:/Script/Engine.Actor Name:Item_Food_C_UAID_505A65F7A696C4DB02_1874994255 Label:Item_Food SpatiallyLoaded:true EditorBounds:IsValid=true, Min=(X=2300.000 Y=3500.000 Z=-80.000), Max=(X=2500.000 Y=3700.000 Z=120.000) RuntimeBounds:IsValid=true, Min=(X=2300.000 Y=3500.000 Z=-80.000), Max=(X=2500.000 Y=3700.000 Z=120.000) RuntimeGrid:None EditorOnly:false RuntimeOnly:false HLODRelevant:false ListedInSceneOutliner:true IsMainWorldOnly:false
 |   |   |- Guid:EC4E0C944CE6AC6E784BC6BB2916EA13 NativeClass:/Script/Engine.StaticMeshActor Name:StaticMeshActor_UAID_A4AE111137DC5EFB00_1110535423 Label:SM_SkySphere SpatiallyLoaded:false EditorBounds:IsValid=true, Min=(X=-1638400.000 Y=-1638400.000 Z=-1638400.000), Max=(X=1638400.000 Y=1638400.000 Z=1638400.000) RuntimeBounds:IsValid=true, Min=(X=-1638400.000 Y=-1638400.000 Z=-1638400.000), Max=(X=1638400.000 Y=1638400.000 Z=1638400.000) RuntimeGrid:None EditorOnly:false RuntimeOnly:false HLODRelevant:true ListedInSceneOutliner:true IsMainWorldOnly:false FolderPath:Lighting FolderGuid:963EC3EB4002CCE9759E2EBA541A873A
 |   |   |- Guid:F1924B8D48954B30891B2DB6A694F9CC NativeClass:/Script/Engine.StaticMeshActor Name:StaticMeshActor_1 Label:SM_Cube SpatiallyLoaded:true EditorBounds:IsValid=true, Min=(X=0.000 Y=0.000 Z=-50.000), Max=(X=18000.000 Y=18000.000 Z=0.000) RuntimeBounds:IsValid=true, Min=(X=0.000 Y=0.000 Z=-50.000), Max=(X=18000.000 Y=18000.000 Z=0.000) RuntimeGrid:None EditorOnly:false RuntimeOnly:false HLODRelevant:true ListedInSceneOutliner:true IsMainWorldOnly:false FolderPath:Playground FolderGuid:C73F09FC4215536B1DCE2A9E0A830C70
 |   |   |- Guid:F5E3FEB3450C49844FD93DA8E083C8AD NativeClass:/Script/Engine.PostProcessVolume Name:PostProcessVolume_0 Label:PostProcessVolume SpatiallyLoaded:false EditorBounds:IsValid=true, Min=(X=0.000 Y=0.000 Z=400.000), Max=(X=200.000 Y=200.000 Z=600.000) RuntimeBounds:IsValid=true, Min=(X=0.000 Y=0.000 Z=400.000), Max=(X=200.000 Y=200.000 Z=600.000) RuntimeGrid:None EditorOnly:false RuntimeOnly:false HLODRelevant:false ListedInSceneOutliner:true IsMainWorldOnly:false FolderPath:Lighting FolderGuid:963EC3EB4002CCE9759E2EBA541A873A
 |   |   |- Guid:F94BD44A4C48FF327614B6912DB47DCF NativeClass:/Script/Engine.PointLight Name:PointLight_UAID_505A65F7A6964ADC02_1459596841 Label:PointLight SpatiallyLoaded:true EditorBounds:IsValid=true, Min=(X=-747.014 Y=1142.986 Z=-3997.014), Max=(X=8387.014 Y=10277.014 Z=5137.014) RuntimeBounds:IsValid=true, Min=(X=-747.014 Y=1142.986 Z=-3997.014), Max=(X=8387.014 Y=10277.014 Z=5137.014) RuntimeGrid:None EditorOnly:false RuntimeOnly:false HLODRelevant:false ListedInSceneOutliner:true IsMainWorldOnly:false
 |   |   |- Guid:FF5D930847BFDD62929B7EAA6B480379 NativeClass:/Script/Engine.StaticMeshActor Name:StaticMeshActor_UAID_505A65F7A6963FDC02_1900769912 Label:Land SpatiallyLoaded:true EditorBounds:IsValid=true, Min=(X=3700.000 Y=2800.000 Z=0.000), Max=(X=6500.000 Y=5800.000 Z=200.000) RuntimeBounds:IsValid=true, Min=(X=3700.000 Y=2800.000 Z=0.000), Max=(X=6500.000 Y=5800.000 Z=200.000) RuntimeGrid:None EditorOnly:false RuntimeOnly:false HLODRelevant:true ListedInSceneOutliner:true IsMainWorldOnly:false
 |   |- [+] Clusters:
 |   |   |- [+] [  0]
 |   |   |   |- Guid:11A97D8845439AE5BD1098ADD8862D10 NativeClass:/Script/Engine.StaticMeshActor Name:StaticMeshActor_UAID_505A65F7A6963FDC02_1705335909 Label:Cylinder SpatiallyLoaded:true EditorBounds:IsValid=true, Min=(X=3210.000 Y=3510.000 Z=100.000), Max=(X=3290.000 Y=3590.000 Z=403.896) RuntimeBounds:IsValid=true, Min=(X=3210.000 Y=3510.000 Z=100.000), Max=(X=3290.000 Y=3590.000 Z=403.896) RuntimeGrid:None EditorOnly:false RuntimeOnly:false HLODRelevant:true ListedInSceneOutliner:true IsMainWorldOnly:false
 |   |   |- [+] [  1]
 |   |   |   |- Guid:1BB55A5B43DD3D8964E17E8BA754B6DB NativeClass:/Script/Engine.StaticMeshActor Name:StaticMeshActor_UAID_505A65F7A6963EDC02_2129396727 Label:Walls SpatiallyLoaded:true EditorBounds:IsValid=true, Min=(X=3200.000 Y=2400.000 Z=-0.000), Max=(X=6600.000 Y=5900.000 Z=1700.000) RuntimeBounds:IsValid=true, Min=(X=3200.000 Y=2400.000 Z=-0.000), Max=(X=6600.000 Y=5900.000 Z=1700.000) RuntimeGrid:None EditorOnly:false RuntimeOnly:false HLODRelevant:true ListedInSceneOutliner:true IsMainWorldOnly:false
 |   |   |- [+] [  2]
 |   |   |   |- Guid:1BEB07194559527CACEE5FAC1B7DDD76 NativeClass:/Script/Engine.StaticMeshActor Name:StaticMeshActor_UAID_505A65F7A69640DC02_1632027097 Label:Box2 SpatiallyLoaded:true EditorBounds:IsValid=true, Min=(X=4620.000 Y=4420.000 Z=100.000), Max=(X=4680.000 Y=4480.000 Z=300.000) RuntimeBounds:IsValid=true, Min=(X=4620.000 Y=4420.000 Z=100.000), Max=(X=4680.000 Y=4480.000 Z=300.000) RuntimeGrid:None EditorOnly:false RuntimeOnly:false HLODRelevant:true ListedInSceneOutliner:true IsMainWorldOnly:false
 |   |   |- [+] [  3]
 |   |   |   |- Guid:207C2C2F4EA065E737D889B85587E0DD NativeClass:/Script/Engine.StaticMeshActor Name:StaticMeshActor_UAID_505A65F7A69640DC02_1564553096 Label:Box5 SpatiallyLoaded:true EditorBounds:IsValid=true, Min=(X=4680.000 Y=4430.000 Z=100.000), Max=(X=5100.000 Y=4470.000 Z=140.000) RuntimeBounds:IsValid=true, Min=(X=4680.000 Y=4430.000 Z=100.000), Max=(X=5100.000 Y=4470.000 Z=140.000) RuntimeGrid:None EditorOnly:false RuntimeOnly:false HLODRelevant:true ListedInSceneOutliner:true IsMainWorldOnly:false
 |   |   |- [+] [  4]
 |   |   |   |- Guid:2FB58999456391D349DC0F86DAC136ED NativeClass:/Script/Engine.SkyLight Name:SkyLight_1 Label:SkyLight SpatiallyLoaded:false EditorBounds:IsValid=true, Min=(X=0.000 Y=0.000 Z=690.000), Max=(X=0.000 Y=0.000 Z=690.000) RuntimeBounds:IsValid=true, Min=(X=0.000 Y=0.000 Z=690.000), Max=(X=0.000 Y=0.000 Z=690.000) RuntimeGrid:None EditorOnly:false RuntimeOnly:false HLODRelevant:false ListedInSceneOutliner:true IsMainWorldOnly:false FolderPath:Lighting FolderGuid:963EC3EB4002CCE9759E2EBA541A873A
 |   |   |- [+] [  5]
 |   |   |   |- Guid:316CF2A6494ACA4C0E4180A87D36AB8F NativeClass:/Script/Engine.ExponentialHeightFog Name:ExponentialHeightFog_0 Label:ExponentialHeightFog SpatiallyLoaded:false EditorBounds:IsValid=true, Min=(X=-5600.000 Y=-50.000 Z=-6850.000), Max=(X=-5600.000 Y=-50.000 Z=-6850.000) RuntimeBounds:IsValid=true, Min=(X=-5600.000 Y=-50.000 Z=-6850.000), Max=(X=-5600.000 Y=-50.000 Z=-6850.000) RuntimeGrid:None EditorOnly:false RuntimeOnly:false HLODRelevant:false ListedInSceneOutliner:true IsMainWorldOnly:false FolderPath:Lighting FolderGuid:963EC3EB4002CCE9759E2EBA541A873A
 |   |   |- [+] [  6]
 |   |   |   |- Guid:36405E4B4A26BAEB98F29C88AD96D7FB NativeClass:/Script/Engine.StaticMeshActor Name:StaticMeshActor_UAID_505A65F7A6963FDC02_1802380911 Label:Box SpatiallyLoaded:true EditorBounds:IsValid=true, Min=(X=3200.000 Y=3500.000 Z=600.000), Max=(X=3800.000 Y=4100.000 Z=700.000) RuntimeBounds:IsValid=true, Min=(X=3200.000 Y=3500.000 Z=600.000), Max=(X=3800.000 Y=4100.000 Z=700.000) RuntimeGrid:None EditorOnly:false RuntimeOnly:false HLODRelevant:true ListedInSceneOutliner:true IsMainWorldOnly:false
 |   |   |- [+] [  7]
 |   |   |   |- Guid:37EFF07B4CE24EAF99C3FFBF2655752B NativeClass:/Script/Engine.StaticMeshActor Name:StaticMeshActor_UAID_505A65F7A69641DC02_1710089284 Label:Box11 SpatiallyLoaded:true EditorBounds:IsValid=true, Min=(X=5115.000 Y=4405.000 Z=300.000), Max=(X=5185.000 Y=4475.000 Z=1615.000) RuntimeBounds:IsValid=true, Min=(X=5115.000 Y=4405.000 Z=300.000), Max=(X=5185.000 Y=4475.000 Z=1615.000) RuntimeGrid:None EditorOnly:false RuntimeOnly:false HLODRelevant:true ListedInSceneOutliner:true IsMainWorldOnly:false
 |   |   |- [+] [  8]
 |   |   |   |- Guid:3A00AA1C422CE54C0BDB60BAF471BFBB NativeClass:/Script/Engine.PlayerStart Name:PlayerStart_0 Label:PlayerStart SpatiallyLoaded:false EditorBounds:IsValid=true, Min=(X=1722.000 Y=3512.000 Z=-35.987), Max=(X=2090.000 Y=3768.000 Z=220.013) RuntimeBounds:IsValid=true, Min=(X=1810.000 Y=3600.000 Z=0.013), Max=(X=1890.000 Y=3680.000 Z=184.013) RuntimeGrid:None EditorOnly:false RuntimeOnly:false HLODRelevant:false ListedInSceneOutliner:true IsMainWorldOnly:false
 |   |   |- [+] [  9]
 |   |   |   |- Guid:3CD4FBB04A3FBA106C0EC8A952258ED1 NativeClass:/Script/Engine.StaticMeshActor Name:StaticMeshActor_UAID_505A65F7A69640DC02_1999064104 Label:Box9 SpatiallyLoaded:true EditorBounds:IsValid=true, Min=(X=5100.000 Y=3100.000 Z=200.000), Max=(X=5200.000 Y=4490.000 Z=300.000) RuntimeBounds:IsValid=true, Min=(X=5100.000 Y=3100.000 Z=200.000), Max=(X=5200.000 Y=4490.000 Z=300.000) RuntimeGrid:None EditorOnly:false RuntimeOnly:false HLODRelevant:true ListedInSceneOutliner:true IsMainWorldOnly:false
 |   |   |- [+] [ 10]
 |   |   |   |- Guid:472CBFA34054D9654E0BFDB6E78E2F90 NativeClass:/Script/Engine.StaticMeshActor Name:StaticMeshActor_UAID_505A65F7A69640DC02_1559492095 Label:Box4 SpatiallyLoaded:true EditorBounds:IsValid=true, Min=(X=4680.000 Y=4430.000 Z=220.000), Max=(X=5100.000 Y=4470.000 Z=260.000) RuntimeBounds:IsValid=true, Min=(X=4680.000 Y=4430.000 Z=220.000), Max=(X=5100.000 Y=4470.000 Z=260.000) RuntimeGrid:None EditorOnly:false RuntimeOnly:false HLODRelevant:true ListedInSceneOutliner:true IsMainWorldOnly:false
 |   |   |- [+] [ 11]
 |   |   |   |- Guid:4D3BE93F4146AAAC8BBE79999D96D57F NativeClass:/Script/Engine.VolumetricCloud Name:VolumetricCloud_0 Label:VolumetricCloud SpatiallyLoaded:false EditorBounds:IsValid=true, Min=(X=0.000 Y=0.000 Z=820.000), Max=(X=0.000 Y=0.000 Z=820.000) RuntimeBounds:IsValid=true, Min=(X=0.000 Y=0.000 Z=820.000), Max=(X=0.000 Y=0.000 Z=820.000) RuntimeGrid:None EditorOnly:false RuntimeOnly:false HLODRelevant:false ListedInSceneOutliner:true IsMainWorldOnly:false FolderPath:Lighting FolderGuid:963EC3EB4002CCE9759E2EBA541A873A
 |   |   |- [+] [ 12]
 |   |   |   |- Guid:5824EBDD4623F12388A77DA8CF6BB771 NativeClass:/Script/Engine.StaticMeshActor Name:StaticMeshActor_UAID_505A65F7A69640DC02_1636962100 Label:Box3 SpatiallyLoaded:true EditorBounds:IsValid=true, Min=(X=4620.000 Y=3120.000 Z=100.000), Max=(X=4680.000 Y=3180.000 Z=300.000) RuntimeBounds:IsValid=true, Min=(X=4620.000 Y=3120.000 Z=100.000), Max=(X=4680.000 Y=3180.000 Z=300.000) RuntimeGrid:None EditorOnly:false RuntimeOnly:false HLODRelevant:true ListedInSceneOutliner:true IsMainWorldOnly:false
 |   |   |- [+] [ 13]
 |   |   |   |- Guid:640CF2E641D0EC804FA619B383F39E21 NativeClass:/Script/Engine.StaticMeshActor Name:StaticMeshActor_UAID_505A65F7A69640DC02_1636960099 Label:Box7 SpatiallyLoaded:true EditorBounds:IsValid=true, Min=(X=4680.000 Y=3130.000 Z=100.000), Max=(X=5100.000 Y=3170.000 Z=140.000) RuntimeBounds:IsValid=true, Min=(X=4680.000 Y=3130.000 Z=100.000), Max=(X=5100.000 Y=3170.000 Z=140.000) RuntimeGrid:None EditorOnly:false RuntimeOnly:false HLODRelevant:true ListedInSceneOutliner:true IsMainWorldOnly:false
 |   |   |- [+] [ 14]
 |   |   |   |- Guid:66442CE04609F19437C094A383A8D6C8 NativeClass:/Script/Engine.StaticMeshActor Name:StaticMeshActor_UAID_505A65F7A69640DC02_1087107091 Label:Stairs3 SpatiallyLoaded:true EditorBounds:IsValid=true, Min=(X=4100.000 Y=3300.000 Z=102.000), Max=(X=4175.000 Y=4300.000 Z=198.000) RuntimeBounds:IsValid=true, Min=(X=4100.000 Y=3300.000 Z=102.000), Max=(X=4175.000 Y=4300.000 Z=198.000) RuntimeGrid:None EditorOnly:false RuntimeOnly:false HLODRelevant:true ListedInSceneOutliner:true IsMainWorldOnly:false
 |   |   |- [+] [ 15]
 |   |   |   |- Guid:6A92C67D457D53626B7F2BA5863B5166 NativeClass:/Script/Engine.StaticMeshActor Name:StaticMeshActor_UAID_505A65F7A69641DC02_1733907285 Label:Box12 SpatiallyLoaded:true EditorBounds:IsValid=true, Min=(X=5115.000 Y=3115.000 Z=300.000), Max=(X=5185.000 Y=3185.000 Z=1615.000) RuntimeBounds:IsValid=true, Min=(X=5115.000 Y=3115.000 Z=300.000), Max=(X=5185.000 Y=3185.000 Z=1615.000) RuntimeGrid:None EditorOnly:false RuntimeOnly:false HLODRelevant:true ListedInSceneOutliner:true IsMainWorldOnly:false
 |   |   |- [+] [ 16]
 |   |   |   |- Guid:6BAF4DDD444C60371492D3919DB42C97 NativeClass:/Script/Engine.WorldDataLayers Name:WorldDataLayers Label:WorldDataLayers SpatiallyLoaded:false EditorBounds:IsValid=true, Min=(X=0.000 Y=0.000 Z=0.000), Max=(X=0.000 Y=0.000 Z=0.000) RuntimeBounds:IsValid=true, Min=(X=0.000 Y=0.000 Z=0.000), Max=(X=0.000 Y=0.000 Z=0.000) RuntimeGrid:None EditorOnly:false RuntimeOnly:false HLODRelevant:false ListedInSceneOutliner:true IsMainWorldOnly:true
 |   |   |- [+] [ 17]
 |   |   |   |- Guid:71EAC8014A42C7BE2CDD2AAB593BC78D NativeClass:/Script/Engine.StaticMeshActor Name:StaticMeshActor_UAID_505A65F7A69641DC02_1588679283 Label:Stairs6 SpatiallyLoaded:true EditorBounds:IsValid=true, Min=(X=5900.000 Y=3700.000 Z=100.548), Max=(X=5966.024 Y=3920.000 Z=199.452) RuntimeBounds:IsValid=true, Min=(X=5900.000 Y=3700.000 Z=100.548), Max=(X=5966.024 Y=3920.000 Z=199.452) RuntimeGrid:None EditorOnly:false RuntimeOnly:false HLODRelevant:true ListedInSceneOutliner:true IsMainWorldOnly:false
 |   |   |- [+] [ 18]
 |   |   |   |- Guid:79F6B46C46DF849D2D7F56BF680B0B96 NativeClass:/Script/Engine.StaticMeshActor Name:StaticMeshActor_UAID_505A65F7A69640DC02_2048051106 Label:Box10 SpatiallyLoaded:true EditorBounds:IsValid=true, Min=(X=4600.000 Y=3400.000 Z=100.000), Max=(X=4800.000 Y=4200.000 Z=200.000) RuntimeBounds:IsValid=true, Min=(X=4600.000 Y=3400.000 Z=100.000), Max=(X=4800.000 Y=4200.000 Z=200.000) RuntimeGrid:None EditorOnly:false RuntimeOnly:false HLODRelevant:true ListedInSceneOutliner:true IsMainWorldOnly:false
 |   |   |- [+] [ 19]
 |   |   |   |- Guid:7E371F2F4BC38501773D4CA737D4EE15 NativeClass:/Script/Engine.StaticMeshActor Name:StaticMeshActor_UAID_505A65F7A6963FDC02_1707393910 Label:Cylinder2 SpatiallyLoaded:true EditorBounds:IsValid=true, Min=(X=3210.000 Y=4010.000 Z=100.000), Max=(X=3290.000 Y=4090.000 Z=403.896) RuntimeBounds:IsValid=true, Min=(X=3210.000 Y=4010.000 Z=100.000), Max=(X=3290.000 Y=4090.000 Z=403.896) RuntimeGrid:None EditorOnly:false RuntimeOnly:false HLODRelevant:true ListedInSceneOutliner:true IsMainWorldOnly:false
 |   |   |- [+] [ 20]
 |   |   |   |- Guid:8633192E4FE4F076CF86BC9136090664 NativeClass:/Script/Engine.StaticMeshActor Name:StaticMeshActor_UAID_505A65F7A69642DC02_1311264462 Label:Box8 SpatiallyLoaded:true EditorBounds:IsValid=true, Min=(X=5125.413 Y=3200.000 Z=215.000), Max=(X=5174.587 Y=4415.000 Z=285.000) RuntimeBounds:IsValid=true, Min=(X=5125.413 Y=3200.000 Z=215.000), Max=(X=5174.587 Y=4415.000 Z=285.000) RuntimeGrid:None EditorOnly:false RuntimeOnly:false HLODRelevant:true ListedInSceneOutliner:true IsMainWorldOnly:false
 |   |   |- [+] [ 21]
 |   |   |   |- Guid:9231654B4588AC45688F5983894DD5FE NativeClass:/Script/Engine.StaticMeshActor Name:StaticMeshActor_UAID_505A65F7A69640DC02_1924596102 Label:Stairs5 SpatiallyLoaded:true EditorBounds:IsValid=true, Min=(X=5522.000 Y=2800.000 Z=200.000), Max=(X=6098.000 Y=3200.000 Z=768.350) RuntimeBounds:IsValid=true, Min=(X=5522.000 Y=2800.000 Z=200.000), Max=(X=6098.000 Y=3200.000 Z=768.350) RuntimeGrid:None EditorOnly:false RuntimeOnly:false HLODRelevant:true ListedInSceneOutliner:true IsMainWorldOnly:false
 |   |   |- [+] [ 22]
 |   |   |   |- Guid:9D6589EC4C18A822C2AA0FA3B758F608 NativeClass:/Script/Engine.StaticMeshActor Name:StaticMeshActor_UAID_505A65F7A6964ADC02_1243324840 Label:Stairs2 SpatiallyLoaded:true EditorBounds:IsValid=true, Min=(X=3270.000 Y=3600.000 Z=0.000), Max=(X=3510.000 Y=4000.000 Z=200.000) RuntimeBounds:IsValid=true, Min=(X=3270.000 Y=3600.000 Z=0.000), Max=(X=3510.000 Y=4000.000 Z=200.000) RuntimeGrid:None EditorOnly:false RuntimeOnly:false HLODRelevant:true ListedInSceneOutliner:true IsMainWorldOnly:false
 |   |   |- [+] [ 23]
 |   |   |   |- Guid:B57767D74DB1C0DB79E86AAFC31A7B23 NativeClass:/Script/Engine.StaticMeshActor Name:StaticMeshActor_UAID_505A65F7A6963FDC02_2107693913 Label:Stairs SpatiallyLoaded:true EditorBounds:IsValid=true, Min=(X=4100.000 Y=3630.000 Z=104.000), Max=(X=4175.000 Y=4030.000 Z=200.000) RuntimeBounds:IsValid=true, Min=(X=4100.000 Y=3630.000 Z=104.000), Max=(X=4175.000 Y=4030.000 Z=200.000) RuntimeGrid:None EditorOnly:false RuntimeOnly:false HLODRelevant:true ListedInSceneOutliner:true IsMainWorldOnly:false
 |   |   |- [+] [ 24]
 |   |   |   |- Guid:B785ED2844B84CFB91E7F39FE661CD99 NativeClass:/Script/Engine.DirectionalLight Name:DirectionalLight_0 Label:DirectionalLight SpatiallyLoaded:false EditorBounds:IsValid=false, Min=(X=0.000 Y=0.000 Z=0.000), Max=(X=0.000 Y=0.000 Z=0.000) RuntimeBounds:IsValid=false, Min=(X=0.000 Y=0.000 Z=0.000), Max=(X=0.000 Y=0.000 Z=0.000) RuntimeGrid:None EditorOnly:false RuntimeOnly:false HLODRelevant:false ListedInSceneOutliner:true IsMainWorldOnly:false FolderPath:Lighting FolderGuid:963EC3EB4002CCE9759E2EBA541A873A
 |   |   |- [+] [ 25]
 |   |   |   |- Guid:CCFF262C46EEFFDF319E7F9539CE697E NativeClass:/Script/Engine.SkyAtmosphere Name:SkyAtmosphere_0 Label:SkyAtmosphere SpatiallyLoaded:false EditorBounds:IsValid=true, Min=(X=0.000 Y=0.000 Z=1020.000), Max=(X=0.000 Y=0.000 Z=1020.000) RuntimeBounds:IsValid=true, Min=(X=0.000 Y=0.000 Z=1020.000), Max=(X=0.000 Y=0.000 Z=1020.000) RuntimeGrid:None EditorOnly:false RuntimeOnly:false HLODRelevant:false ListedInSceneOutliner:true IsMainWorldOnly:false FolderPath:Lighting FolderGuid:963EC3EB4002CCE9759E2EBA541A873A
 |   |   |- [+] [ 26]
 |   |   |   |- Guid:E52A411C4BF985DB03D06CBDE3241611 NativeClass:/Script/Engine.StaticMeshActor Name:StaticMeshActor_UAID_505A65F7A69640DC02_1636957098 Label:Box6 SpatiallyLoaded:true EditorBounds:IsValid=true, Min=(X=4680.000 Y=3130.000 Z=220.000), Max=(X=5100.000 Y=3170.000 Z=260.000) RuntimeBounds:IsValid=true, Min=(X=4680.000 Y=3130.000 Z=220.000), Max=(X=5100.000 Y=3170.000 Z=260.000) RuntimeGrid:None EditorOnly:false RuntimeOnly:false HLODRelevant:true ListedInSceneOutliner:true IsMainWorldOnly:false
 |   |   |- [+] [ 27]
 |   |   |   |- Guid:E972E51048B124D7CB0BF2A8468D420A NativeClass:/Script/Engine.StaticMeshActor Name:StaticMeshActor_UAID_505A65F7A69642DC02_1462220463 Label:Stairs7 SpatiallyLoaded:true EditorBounds:IsValid=true, Min=(X=5522.000 Y=4400.000 Z=200.000), Max=(X=6098.000 Y=4800.000 Z=768.350) RuntimeBounds:IsValid=true, Min=(X=5522.000 Y=4400.000 Z=200.000), Max=(X=6098.000 Y=4800.000 Z=768.350) RuntimeGrid:None EditorOnly:false RuntimeOnly:false HLODRelevant:true ListedInSceneOutliner:true IsMainWorldOnly:false
 |   |   |- [+] [ 28]
 |   |   |   |- Guid:E9A004654512483CFD03A585673344E4 BaseClass:/Game/Blueprint/Item/Item_Food.Item_Food_C NativeClass:/Script/Engine.Actor Name:Item_Food_C_UAID_505A65F7A696C4DB02_1874994255 Label:Item_Food SpatiallyLoaded:true EditorBounds:IsValid=true, Min=(X=2300.000 Y=3500.000 Z=-80.000), Max=(X=2500.000 Y=3700.000 Z=120.000) RuntimeBounds:IsValid=true, Min=(X=2300.000 Y=3500.000 Z=-80.000), Max=(X=2500.000 Y=3700.000 Z=120.000) RuntimeGrid:None EditorOnly:false RuntimeOnly:false HLODRelevant:false ListedInSceneOutliner:true IsMainWorldOnly:false
 |   |   |- [+] [ 29]
 |   |   |   |- Guid:EC4E0C944CE6AC6E784BC6BB2916EA13 NativeClass:/Script/Engine.StaticMeshActor Name:StaticMeshActor_UAID_A4AE111137DC5EFB00_1110535423 Label:SM_SkySphere SpatiallyLoaded:false EditorBounds:IsValid=true, Min=(X=-1638400.000 Y=-1638400.000 Z=-1638400.000), Max=(X=1638400.000 Y=1638400.000 Z=1638400.000) RuntimeBounds:IsValid=true, Min=(X=-1638400.000 Y=-1638400.000 Z=-1638400.000), Max=(X=1638400.000 Y=1638400.000 Z=1638400.000) RuntimeGrid:None EditorOnly:false RuntimeOnly:false HLODRelevant:true ListedInSceneOutliner:true IsMainWorldOnly:false FolderPath:Lighting FolderGuid:963EC3EB4002CCE9759E2EBA541A873A
 |   |   |- [+] [ 30]
 |   |   |   |- Guid:F1924B8D48954B30891B2DB6A694F9CC NativeClass:/Script/Engine.StaticMeshActor Name:StaticMeshActor_1 Label:SM_Cube SpatiallyLoaded:true EditorBounds:IsValid=true, Min=(X=0.000 Y=0.000 Z=-50.000), Max=(X=18000.000 Y=18000.000 Z=0.000) RuntimeBounds:IsValid=true, Min=(X=0.000 Y=0.000 Z=-50.000), Max=(X=18000.000 Y=18000.000 Z=0.000) RuntimeGrid:None EditorOnly:false RuntimeOnly:false HLODRelevant:true ListedInSceneOutliner:true IsMainWorldOnly:false FolderPath:Playground FolderGuid:C73F09FC4215536B1DCE2A9E0A830C70
 |   |   |- [+] [ 31]
 |   |   |   |- Guid:F5E3FEB3450C49844FD93DA8E083C8AD NativeClass:/Script/Engine.PostProcessVolume Name:PostProcessVolume_0 Label:PostProcessVolume SpatiallyLoaded:false EditorBounds:IsValid=true, Min=(X=0.000 Y=0.000 Z=400.000), Max=(X=200.000 Y=200.000 Z=600.000) RuntimeBounds:IsValid=true, Min=(X=0.000 Y=0.000 Z=400.000), Max=(X=200.000 Y=200.000 Z=600.000) RuntimeGrid:None EditorOnly:false RuntimeOnly:false HLODRelevant:false ListedInSceneOutliner:true IsMainWorldOnly:false FolderPath:Lighting FolderGuid:963EC3EB4002CCE9759E2EBA541A873A
 |   |   |- [+] [ 32]
 |   |   |   |- Guid:F94BD44A4C48FF327614B6912DB47DCF NativeClass:/Script/Engine.PointLight Name:PointLight_UAID_505A65F7A6964ADC02_1459596841 Label:PointLight SpatiallyLoaded:true EditorBounds:IsValid=true, Min=(X=-747.014 Y=1142.986 Z=-3997.014), Max=(X=8387.014 Y=10277.014 Z=5137.014) RuntimeBounds:IsValid=true, Min=(X=-747.014 Y=1142.986 Z=-3997.014), Max=(X=8387.014 Y=10277.014 Z=5137.014) RuntimeGrid:None EditorOnly:false RuntimeOnly:false HLODRelevant:false ListedInSceneOutliner:true IsMainWorldOnly:false
 |   |   |- [+] [ 33]
 |   |   |   |- Guid:FF5D930847BFDD62929B7EAA6B480379 NativeClass:/Script/Engine.StaticMeshActor Name:StaticMeshActor_UAID_505A65F7A6963FDC02_1900769912 Label:Land SpatiallyLoaded:true EditorBounds:IsValid=true, Min=(X=3700.000 Y=2800.000 Z=0.000), Max=(X=6500.000 Y=5800.000 Z=200.000) RuntimeBounds:IsValid=true, Min=(X=3700.000 Y=2800.000 Z=0.000), Max=(X=6500.000 Y=5800.000 Z=200.000) RuntimeGrid:None EditorOnly:false RuntimeOnly:false HLODRelevant:true ListedInSceneOutliner:true IsMainWorldOnly:false
 |- ContainerInstances:
 |- [+] MainContainer:
 |   |-        ID: 00000000000000000000000000000000
 |   |-  ParentID: 00000000000000000000000000000000
 |   |-    Bounds: IsValid=false, Min=(X=0.000 Y=0.000 Z=0.000), Max=(X=0.000 Y=0.000 Z=0.000)
 |   |- Transform: 0.000000,0.000000,0.000000|0.000000,0.000000,-0.000000|1.000000,1.000000,1.000000
 |   |- Container: /Game/ThirdPerson/Maps/ThirdPersonMap
----------------------------------------------------------------------------------------------------------------
ThirdPersonMap - Persistent Level
----------------------------------------------------------------------------------------------------------------
[+] Content of ThirdPersonMap Persistent Level
 |- Always loaded Actor Count: 34 
 |- Actor Path: /Game/ThirdPerson/Maps/ThirdPersonMap.ThirdPersonMap:PersistentLevel.DirectionalLight_0
 |- Actor Package: /Game/__ExternalActors__/ThirdPerson/Maps/ThirdPersonMap/5/R1/TS5OQ5CRUWFZYL1ZQ7I416
 |- Actor Path: /Game/ThirdPerson/Maps/ThirdPersonMap.ThirdPersonMap:PersistentLevel.ExponentialHeightFog_0
 |- Actor Package: /Game/__ExternalActors__/ThirdPerson/Maps/ThirdPersonMap/6/J7/N10XDC9G27EMLS5AGZ6AVV
 |- Actor Path: /Game/ThirdPerson/Maps/ThirdPersonMap.ThirdPersonMap:PersistentLevel.Item_Food_C_UAID_505A65F7A696C4DB02_1874994255
 |- Actor Package: /Game/__ExternalActors__/ThirdPerson/Maps/ThirdPersonMap/B/49/OMFAP78KJVLBFULVW2DLV1
 |- Actor Path: /Game/ThirdPerson/Maps/ThirdPersonMap.ThirdPersonMap:PersistentLevel.PlayerStart_0
 |- Actor Package: /Game/__ExternalActors__/ThirdPerson/Maps/ThirdPersonMap/D/DE/SWSI13675DVYIZ0N4NF7Y3
 |- Actor Path: /Game/ThirdPerson/Maps/ThirdPersonMap.ThirdPersonMap:PersistentLevel.PointLight_UAID_505A65F7A6964ADC02_1459596841
 |- Actor Package: /Game/__ExternalActors__/ThirdPerson/Maps/ThirdPersonMap/A/1E/LYQNDNBA89SUTP0FAKRX3Z
 |- Actor Path: /Game/ThirdPerson/Maps/ThirdPersonMap.ThirdPersonMap:PersistentLevel.PostProcessVolume_0
 |- Actor Package: /Game/__ExternalActors__/ThirdPerson/Maps/ThirdPersonMap/1/AZ/A7GPT109Y6ZTTJD4A7TXER
 |- Actor Path: /Game/ThirdPerson/Maps/ThirdPersonMap.ThirdPersonMap:PersistentLevel.SkyAtmosphere_0
 |- Actor Package: /Game/__ExternalActors__/ThirdPerson/Maps/ThirdPersonMap/4/LN/30UBDLYFFA5ZR7U4W4L4GG
 |- Actor Path: /Game/ThirdPerson/Maps/ThirdPersonMap.ThirdPersonMap:PersistentLevel.SkyLight_1
 |- Actor Package: /Game/__ExternalActors__/ThirdPerson/Maps/ThirdPersonMap/8/S1/DXUWD12MD3HRWVVXX076BY
 |- Actor Path: /Game/ThirdPerson/Maps/ThirdPersonMap.ThirdPersonMap:PersistentLevel.StaticMeshActor_1
 |- Actor Package: /Game/__ExternalActors__/ThirdPerson/Maps/ThirdPersonMap/6/YO/NG2R9BPZVA7ZDN0Z4VSTG6
 |- Actor Path: /Game/ThirdPerson/Maps/ThirdPersonMap.ThirdPersonMap:PersistentLevel.StaticMeshActor_UAID_505A65F7A6963EDC02_2129396727
 |- Actor Package: /Game/__ExternalActors__/ThirdPerson/Maps/ThirdPersonMap/7/UE/PH57YR8Z60ZTMY28549OV3
 |- Actor Path: /Game/ThirdPerson/Maps/ThirdPersonMap.ThirdPersonMap:PersistentLevel.StaticMeshActor_UAID_505A65F7A6963FDC02_1705335909
 |- Actor Package: /Game/__ExternalActors__/ThirdPerson/Maps/ThirdPersonMap/7/LF/39DPOUQK9Q1NLCJZYB9EIQ
 |- Actor Path: /Game/ThirdPerson/Maps/ThirdPersonMap.ThirdPersonMap:PersistentLevel.StaticMeshActor_UAID_505A65F7A6963FDC02_1707393910
 |- Actor Package: /Game/__ExternalActors__/ThirdPerson/Maps/ThirdPersonMap/F/3C/9T2IMSPK0SZ0SEH4N36VC2
 |- Actor Path: /Game/ThirdPerson/Maps/ThirdPersonMap.ThirdPersonMap:PersistentLevel.StaticMeshActor_UAID_505A65F7A6963FDC02_1802380911
 |- Actor Package: /Game/__ExternalActors__/ThirdPerson/Maps/ThirdPersonMap/C/IL/YICE1PSKDIL48IJRLDLGNX
 |- Actor Path: /Game/ThirdPerson/Maps/ThirdPersonMap.ThirdPersonMap:PersistentLevel.StaticMeshActor_UAID_505A65F7A6963FDC02_1900769912
 |- Actor Package: /Game/__ExternalActors__/ThirdPerson/Maps/ThirdPersonMap/A/5O/7PFCBTV9JMVRMWS3MYGQPD
 |- Actor Path: /Game/ThirdPerson/Maps/ThirdPersonMap.ThirdPersonMap:PersistentLevel.StaticMeshActor_UAID_505A65F7A6963FDC02_2107693913
 |- Actor Package: /Game/__ExternalActors__/ThirdPerson/Maps/ThirdPersonMap/7/67/CHW05CF9U7VJV82NTC4GKF
 |- Actor Path: /Game/ThirdPerson/Maps/ThirdPersonMap.ThirdPersonMap:PersistentLevel.StaticMeshActor_UAID_505A65F7A69640DC02_1087107091
 |- Actor Package: /Game/__ExternalActors__/ThirdPerson/Maps/ThirdPersonMap/C/IW/4Z1PK6R5B8E9870SH7MCD9
 |- Actor Path: /Game/ThirdPerson/Maps/ThirdPersonMap.ThirdPersonMap:PersistentLevel.StaticMeshActor_UAID_505A65F7A69640DC02_1559492095
 |- Actor Package: /Game/__ExternalActors__/ThirdPerson/Maps/ThirdPersonMap/6/6B/EY9DHW9CKXRDKYHKKJXF5E
 |- Actor Path: /Game/ThirdPerson/Maps/ThirdPersonMap.ThirdPersonMap:PersistentLevel.StaticMeshActor_UAID_505A65F7A69640DC02_1564553096
 |- Actor Package: /Game/__ExternalActors__/ThirdPerson/Maps/ThirdPersonMap/6/17/F045NNVKCI7BG2JZ49KM88
 |- Actor Path: /Game/ThirdPerson/Maps/ThirdPersonMap.ThirdPersonMap:PersistentLevel.StaticMeshActor_UAID_505A65F7A69640DC02_1632027097
 |- Actor Package: /Game/__ExternalActors__/ThirdPerson/Maps/ThirdPersonMap/8/QF/UCJT9UQGHJ9V1AVJTF5ZU1
 |- Actor Path: /Game/ThirdPerson/Maps/ThirdPersonMap.ThirdPersonMap:PersistentLevel.StaticMeshActor_UAID_505A65F7A69640DC02_1636957098
 |- Actor Package: /Game/__ExternalActors__/ThirdPerson/Maps/ThirdPersonMap/4/01/FPI9YC877NYD3CB3NS2A18
 |- Actor Path: /Game/ThirdPerson/Maps/ThirdPersonMap.ThirdPersonMap:PersistentLevel.StaticMeshActor_UAID_505A65F7A69640DC02_1636960099
 |- Actor Package: /Game/__ExternalActors__/ThirdPerson/Maps/ThirdPersonMap/6/3N/OQKCZWBUPBFQJTCJUC97NL
 |- Actor Path: /Game/ThirdPerson/Maps/ThirdPersonMap.ThirdPersonMap:PersistentLevel.StaticMeshActor_UAID_505A65F7A69640DC02_1636962100
 |- Actor Package: /Game/__ExternalActors__/ThirdPerson/Maps/ThirdPersonMap/C/KQ/ID2HHKUYMXTQ6K2FY3KKHQ
 |- Actor Path: /Game/ThirdPerson/Maps/ThirdPersonMap.ThirdPersonMap:PersistentLevel.StaticMeshActor_UAID_505A65F7A69640DC02_1924596102
 |- Actor Package: /Game/__ExternalActors__/ThirdPerson/Maps/ThirdPersonMap/9/9E/YRZFQSX36PWWFBOFAFEFFO
 |- Actor Path: /Game/ThirdPerson/Maps/ThirdPersonMap.ThirdPersonMap:PersistentLevel.StaticMeshActor_UAID_505A65F7A69640DC02_1999064104
 |- Actor Package: /Game/__ExternalActors__/ThirdPerson/Maps/ThirdPersonMap/B/8N/VVTL42MO9S896E6K37WB38
 |- Actor Path: /Game/ThirdPerson/Maps/ThirdPersonMap.ThirdPersonMap:PersistentLevel.StaticMeshActor_UAID_505A65F7A69640DC02_2048051106
 |- Actor Package: /Game/__ExternalActors__/ThirdPerson/Maps/ThirdPersonMap/C/2Q/1RLD1VBF82J8X158QQLYFO
 |- Actor Path: /Game/ThirdPerson/Maps/ThirdPersonMap.ThirdPersonMap:PersistentLevel.StaticMeshActor_UAID_505A65F7A69641DC02_1588679283
 |- Actor Package: /Game/__ExternalActors__/ThirdPerson/Maps/ThirdPersonMap/9/50/MVKU9LUE3MTOUC54QVSRCO
 |- Actor Path: /Game/ThirdPerson/Maps/ThirdPersonMap.ThirdPersonMap:PersistentLevel.StaticMeshActor_UAID_505A65F7A69641DC02_1710089284
 |- Actor Package: /Game/__ExternalActors__/ThirdPerson/Maps/ThirdPersonMap/E/F2/SW5S0H7AP4W84T8377T4Q7
 |- Actor Path: /Game/ThirdPerson/Maps/ThirdPersonMap.ThirdPersonMap:PersistentLevel.StaticMeshActor_UAID_505A65F7A69641DC02_1733907285
 |- Actor Package: /Game/__ExternalActors__/ThirdPerson/Maps/ThirdPersonMap/9/C3/POCFHHK26OAMNM3O2V0A36
 |- Actor Path: /Game/ThirdPerson/Maps/ThirdPersonMap.ThirdPersonMap:PersistentLevel.StaticMeshActor_UAID_505A65F7A69642DC02_1311264462
 |- Actor Package: /Game/__ExternalActors__/ThirdPerson/Maps/ThirdPersonMap/4/4G/8D1MC4G7QIL2F8UH1KF0G5
 |- Actor Path: /Game/ThirdPerson/Maps/ThirdPersonMap.ThirdPersonMap:PersistentLevel.StaticMeshActor_UAID_505A65F7A69642DC02_1462220463
 |- Actor Package: /Game/__ExternalActors__/ThirdPerson/Maps/ThirdPersonMap/D/QM/LZPLZIIIR2DWWW3PUSV1WE
 |- Actor Path: /Game/ThirdPerson/Maps/ThirdPersonMap.ThirdPersonMap:PersistentLevel.StaticMeshActor_UAID_505A65F7A6964ADC02_1243324840
 |- Actor Package: /Game/__ExternalActors__/ThirdPerson/Maps/ThirdPersonMap/A/7R/YK2NQV5B4MGIY59JVCGD0Q
 |- Actor Path: /Game/ThirdPerson/Maps/ThirdPersonMap.ThirdPersonMap:PersistentLevel.StaticMeshActor_UAID_A4AE111137DC5EFB00_1110535423
 |- Actor Package: /Game/__ExternalActors__/ThirdPerson/Maps/ThirdPersonMap/4/PN/2QISIGK5DJNQ05US8O8FXW
 |- Actor Path: /Game/ThirdPerson/Maps/ThirdPersonMap.ThirdPersonMap:PersistentLevel.VolumetricCloud_0
 |- Actor Package: /Game/__ExternalActors__/ThirdPerson/Maps/ThirdPersonMap/3/EY/87SHEJN5UBEAN2K5OV1G6R
 |- Actor Path: /Game/ThirdPerson/Maps/ThirdPersonMap.ThirdPersonMap:PersistentLevel.WorldDataLayers
 |- Actor Package: /Game/__ExternalActors__/ThirdPerson/Maps/ThirdPersonMap/0/43/HYQWORMY4JDQ5X3OKZXFLC

----------------------------------------------------------------------------------------------------------------
ThirdPersonMap - Runtime Hash Set
----------------------------------------------------------------------------------------------------------------

